<?xml version="1.0" encoding="UTF-8"?>
<testng-results ignored="0" total="2" passed="2" failed="0" skipped="0">
  <reporter-output>
  </reporter-output>
  <suite started-at="2022-04-18T21:51:28 SAST" name="Suite" finished-at="2022-04-18T21:52:29 SAST" duration-ms="61419">
    <groups>
    </groups>
    <test started-at="2022-04-18T21:51:28 SAST" name="SigninPage" finished-at="2022-04-18T21:52:29 SAST" duration-ms="61419">
      <class name="Academy.LandingPagetestcase">
        <test-method is-config="true" signature="initialize()[pri:0, instance:Academy.LandingPagetestcase@2a798d51]" started-at="2022-04-18T21:51:28 SAST" name="initialize" finished-at="2022-04-18T21:52:07 SAST" duration-ms="38474" status="PASS">
          <reporter-output>
          </reporter-output>
        </test-method> <!-- initialize -->
        <test-method signature="popularcatagory()[pri:0, instance:Academy.LandingPagetestcase@2a798d51]" started-at="2022-04-18T21:52:07 SAST" name="popularcatagory" finished-at="2022-04-18T21:52:14 SAST" duration-ms="7621" status="PASS">
          <reporter-output>
          </reporter-output>
        </test-method> <!-- popularcatagory -->
        <test-method signature="NavigateToWomen()[pri:1, instance:Academy.LandingPagetestcase@2a798d51]" started-at="2022-04-18T21:52:14 SAST" name="NavigateToWomen" finished-at="2022-04-18T21:52:29 SAST" duration-ms="14261" status="PASS">
          <reporter-output>
          </reporter-output>
        </test-method> <!-- NavigateToWomen -->
        <test-method is-config="true" signature="teardown()[pri:0, instance:Academy.LandingPagetestcase@2a798d51]" started-at="2022-04-18T21:52:29 SAST" name="teardown" finished-at="2022-04-18T21:52:29 SAST" duration-ms="832" status="PASS">
          <reporter-output>
          </reporter-output>
        </test-method> <!-- teardown -->
      </class> <!-- Academy.LandingPagetestcase -->
    </test> <!-- SigninPage -->
  </suite> <!-- Suite -->
</testng-results>
